#-----------------------------------------------------------
# Vivado v2019.2 (64-bit)
# SW Build 2708876 on Wed Nov  6 21:39:14 MST 2019
# IP Build 2700528 on Thu Nov  7 00:09:20 MST 2019
# Start of session at: Mon Jun 21 11:34:48 2021
# Process ID: 26927
# Current directory: /home/lars/Documents/Github/DSP
# Command line: vivado project/adc_recorder/adc_recorder.xpr
# Log file: /home/lars/Documents/Github/DSP/vivado.log
# Journal file: /home/lars/Documents/Github/DSP/vivado.jou
#-----------------------------------------------------------
start_gui
open_project project/adc_recorder/adc_recorder.xpr
Scanning sources...
Finished scanning sources
WARNING: [filemgmt 56-3] Board Part Repository Path: Could not find the directory '/home/lars/Documents/.Xilinx/Vivado/2019.2/xhub/board_store'.
WARNING: [filemgmt 56-3] IP Repository Path: Could not find the directory '/home/lars/Documents/Github/filters'.
INFO: [IP_Flow 19-234] Refreshing IP repositories
WARNING: [IP_Flow 19-2248] Failed to load user IP repository '/home/lars/Documents/Github/filters'; Can't find the specified path.
If this directory should no longer be in your list of user repositories, go to the IP Settings dialog and remove it.
INFO: [IP_Flow 19-2313] Loaded Vivado IP repository '/tools/Xilinx/Vivado/2019.2/data/ip'.
WARNING: [BD 41-1661] One or more IPs have been locked in the design 'system.bd'. Please run report_ip_status for more details and recommendations on how to fix this issue.
List of locked IPs:
system_writer_0_2
system_port_slicer_5_0
system_slice_3_2
system_trap_0_2
system_slice_2_2
system_sig_exp_decay_0_2
system_port_slicer_4_2
system_port_slicer_3_2
system_axis_ram_writer_0_1
system_pulse_gen_0_2
system_axis_red_pitaya_dac_0_2
system_cfg_0_2
system_adc_0_2
system_port_slicer_0_2
system_trigger_0_1
system_port_slicer_2_2

open_project: Time (s): cpu = 00:00:08 ; elapsed = 00:00:06 . Memory (MB): peak = 6461.508 ; gain = 93.574 ; free physical = 139 ; free virtual = 3847
update_compile_order -fileset sources_1
exit
INFO: [Common 17-206] Exiting Vivado at Mon Jun 21 11:35:41 2021...
