Copyright 1986-2019 Xilinx, Inc. All Rights Reserved.
------------------------------------------------------------------------------------
| Tool Version : Vivado v.2019.2 (lin64) Build 2708876 Wed Nov  6 21:39:14 MST 2019
| Date         : Wed Jan 27 02:52:39 2021
| Host         : evermist running 64-bit Ubuntu 18.04.4 LTS
| Command      : upgrade_ip
| Device       : xc7z010clg400-1
------------------------------------------------------------------------------------

Upgrade Log for IP 'system_trigger_0_1'

1. Summary
----------

CAUTION (success, with warnings) in the upgrade of system_trigger_0_1 (user.org:user:trigger:1.0) from (Rev. 4) to (Rev. 5)

After upgrade, an IP may have parameter and port differences compared to the original customization. Please review the parameters within the IP customization GUI to ensure proper functionality. Also, please review the updated IP instantiation template to ensure proper connectivity, and update your design if required.

2. Connection Warnings
----------------------

Detected external port differences while upgrading 'system_trigger_0_1'. These changes may impact your design.


-Upgrade has removed port 't'

-Upgrade has added port 'event_time'

-Upgrade has added port 'timer'







Copyright 1986-2019 Xilinx, Inc. All Rights Reserved.
------------------------------------------------------------------------------------
| Tool Version : Vivado v.2019.2 (lin64) Build 2708876 Wed Nov  6 21:39:14 MST 2019
| Date         : Wed Jan 27 02:52:38 2021
| Host         : evermist running 64-bit Ubuntu 18.04.4 LTS
| Command      : upgrade_ip
| Device       : xc7z010clg400-1
------------------------------------------------------------------------------------

Upgrade Log for IP 'design_2_trigger_0_0'

1. Summary
----------

CAUTION (success, with warnings) in the upgrade of design_2_trigger_0_0 (user.org:user:trigger:1.0) from (Rev. 4) to (Rev. 5)

After upgrade, an IP may have parameter and port differences compared to the original customization. Please review the parameters within the IP customization GUI to ensure proper functionality. Also, please review the updated IP instantiation template to ensure proper connectivity, and update your design if required.

2. Connection Warnings
----------------------

Detected external port differences while upgrading 'design_2_trigger_0_0'. These changes may impact your design.


-Upgrade has removed port 't'

-Upgrade has added port 'event_time'

-Upgrade has added port 'timer'







Copyright 1986-2019 Xilinx, Inc. All Rights Reserved.
------------------------------------------------------------------------------------
| Tool Version : Vivado v.2019.2 (lin64) Build 2708876 Wed Nov  6 21:39:14 MST 2019
| Date         : Sun Jan 24 22:06:55 2021
| Host         : evermist running 64-bit Ubuntu 18.04.4 LTS
| Command      : upgrade_ip
| Device       : xc7z010clg400-1
------------------------------------------------------------------------------------

Upgrade Log for IP 'design_2_trigger_0_0'

1. Summary
----------

CAUTION (success, with warnings) in the upgrade of design_2_trigger_0_0 (user.org:user:trigger:1.0) from (Rev. 3) to (Rev. 4)

After upgrade, an IP may have parameter and port differences compared to the original customization. Please review the parameters within the IP customization GUI to ensure proper functionality. Also, please review the updated IP instantiation template to ensure proper connectivity, and update your design if required.

2. Connection Warnings
----------------------

Detected external port differences while upgrading 'design_2_trigger_0_0'. These changes may impact your design.


-Upgraded port 't' width 64 differs from original width 63







Copyright 1986-2019 Xilinx, Inc. All Rights Reserved.
------------------------------------------------------------------------------------
| Tool Version : Vivado v.2019.2 (lin64) Build 2708876 Wed Nov  6 21:39:14 MST 2019
| Date         : Sun Jan 24 16:07:27 2021
| Host         : evermist running 64-bit Ubuntu 18.04.4 LTS
| Command      : upgrade_ip
| Device       : xc7z010clg400-1
------------------------------------------------------------------------------------

Upgrade Log for IP 'design_2_trigger_0_0'

1. Summary
----------

CAUTION (success, with warnings) in the upgrade of design_2_trigger_0_0 (user.org:user:trigger:1.0) from (Rev. 2) to (Rev. 3)

After upgrade, an IP may have parameter and port differences compared to the original customization. Please review the parameters within the IP customization GUI to ensure proper functionality. Also, please review the updated IP instantiation template to ensure proper connectivity, and update your design if required.

2. Interface Information
------------------------

Detected external interface differences while upgrading 'design_2_trigger_0_0'.


-Upgrade has removed interface 'clk'

-Upgrade has removed interface 'reset'

-Upgrade has added interface 'aclk' (xilinx.com:signal:clock:1.0)

-Upgrade has added interface 'aresetn' (xilinx.com:signal:reset:1.0)

-Upgrade has added interface 'm_axis' (xilinx.com:interface:axis:1.0)

-Upgrade has added interface 's_axis' (xilinx.com:interface:axis:1.0)


3. Connection Warnings
----------------------

Detected external port differences while upgrading 'design_2_trigger_0_0'. These changes may impact your design.


-Upgraded port 't' width 63 differs from original width 64

-Upgrade has removed port 'clk'

-Upgrade has removed port 'data'

-Upgrade has removed port 'in'

-Upgrade has removed port 'reset'

-Upgrade has added port 'aclk'

-Upgrade has added port 'aresetn'

-Upgrade has added port 'm_axis_tdata'

-Upgrade has added port 'm_axis_tvalid'

-Upgrade has added port 's_axis_tdata'

-Upgrade has added port 's_axis_tvalid'


4. Customization warnings
-------------------------

Parameter 'DATA_WIDTH' is no longer present on the upgraded IP 'design_2_trigger_0_0', and cannot be set to '16'


5. Debug Commands
-----------------

  The following debug information can be passed to Vivado as Tcl commands,
in order to validate or debug the output of the upgrade flow.
  You may consult any warnings from within this upgrade, and alter or remove
the configuration parameter(s) which caused the warning; then execute the Tcl
commands, and use the IP Customization GUI to verify the IP configuration.

create_ip -vlnv user.org:user:trigger:1.0 -user_name design_2_trigger_0_0
set_property -dict "\
  CONFIG.Component_Name {design_2_trigger_0_0} \
  CONFIG.PARAM_WIDTH {16} " [get_ips design_2_trigger_0_0]







Copyright 1986-2019 Xilinx, Inc. All Rights Reserved.
------------------------------------------------------------------------------------
| Tool Version : Vivado v.2019.2 (lin64) Build 2708876 Wed Nov  6 21:39:14 MST 2019
| Date         : Sat Nov 21 11:33:40 2020
| Host         : evermist running 64-bit Ubuntu 18.04.4 LTS
| Command      : upgrade_ip
| Device       : xc7z010clg400-1
------------------------------------------------------------------------------------

Upgrade Log for IP 'system_trap_0_0'

1. Summary
----------

SUCCESS in the upgrade of system_trap_0_0 (user.org:user:trap:1.0) from (Rev. 90) to (Rev. 91)






Copyright 1986-2019 Xilinx, Inc. All Rights Reserved.
------------------------------------------------------------------------------------
| Tool Version : Vivado v.2019.2 (lin64) Build 2708876 Wed Nov  6 21:39:14 MST 2019
| Date         : Sat Nov 21 11:33:39 2020
| Host         : evermist running 64-bit Ubuntu 18.04.4 LTS
| Command      : upgrade_ip
| Device       : xc7z010clg400-1
------------------------------------------------------------------------------------

Upgrade Log for IP 'system_pulse_gen_0_0'

1. Summary
----------

SUCCESS in the upgrade of system_pulse_gen_0_0 (user.org:user:pulse_gen:1.0) from (Rev. 4) to (Rev. 5)






Copyright 1986-2019 Xilinx, Inc. All Rights Reserved.
------------------------------------------------------------------------------------
| Tool Version : Vivado v.2019.2 (lin64) Build 2708876 Wed Nov  6 21:39:14 MST 2019
| Date         : Sat Nov 21 11:33:39 2020
| Host         : evermist running 64-bit Ubuntu 18.04.4 LTS
| Command      : upgrade_ip
| Device       : xc7z010clg400-1
------------------------------------------------------------------------------------

Upgrade Log for IP 'system_cfg_0_0'

1. Summary
----------

SUCCESS in the upgrade of system_cfg_0_0 (pavel-demin:user:axi_cfg_register:1.0) from (Rev. 1) to (Rev. 2)






Copyright 1986-2019 Xilinx, Inc. All Rights Reserved.
------------------------------------------------------------------------------------
| Tool Version : Vivado v.2019.2 (lin64) Build 2708876 Wed Nov  6 21:39:14 MST 2019
| Date         : Sun Jun  7 02:51:21 2020
| Host         : evermist running 64-bit Ubuntu 18.04.4 LTS
| Command      : upgrade_ip
| Device       : xc7z010clg400-1
------------------------------------------------------------------------------------

Upgrade Log for IP 'system_trap_0_0'

1. Summary
----------

SUCCESS in the upgrade of system_trap_0_0 (user.org:user:trap:1.0) from (Rev. 89) to (Rev. 90)






Copyright 1986-2019 Xilinx, Inc. All Rights Reserved.
------------------------------------------------------------------------------------
| Tool Version : Vivado v.2019.2 (lin64) Build 2708876 Wed Nov  6 21:39:14 MST 2019
| Date         : Sun Jun  7 02:51:20 2020
| Host         : evermist running 64-bit Ubuntu 18.04.4 LTS
| Command      : upgrade_ip
| Device       : xc7z010clg400-1
------------------------------------------------------------------------------------

Upgrade Log for IP 'system_sig_exp_decay_0_0'

1. Summary
----------

SUCCESS in the upgrade of system_sig_exp_decay_0_0 (user.org:user:sig_exp_decay:1.0) from (Rev. 14) to (Rev. 15)






Copyright 1986-2019 Xilinx, Inc. All Rights Reserved.
------------------------------------------------------------------------------------
| Tool Version : Vivado v.2019.2 (lin64) Build 2708876 Wed Nov  6 21:39:14 MST 2019
| Date         : Sun Jun  7 02:35:39 2020
| Host         : evermist running 64-bit Ubuntu 18.04.4 LTS
| Command      : upgrade_ip
| Device       : xc7z010clg400-1
------------------------------------------------------------------------------------

Upgrade Log for IP 'system_slice_4_0'

1. Summary
----------

SUCCESS in the upgrade of system_slice_4_0 (pavel-demin:user:port_slicer:1.0) from (Rev. 2) to (Rev. 3)






Copyright 1986-2019 Xilinx, Inc. All Rights Reserved.
------------------------------------------------------------------------------------
| Tool Version : Vivado v.2019.2 (lin64) Build 2708876 Wed Nov  6 21:39:14 MST 2019
| Date         : Sun Jun  7 02:35:39 2020
| Host         : evermist running 64-bit Ubuntu 18.04.4 LTS
| Command      : upgrade_ip
| Device       : xc7z010clg400-1
------------------------------------------------------------------------------------

Upgrade Log for IP 'system_slice_3_0'

1. Summary
----------

SUCCESS in the upgrade of system_slice_3_0 (pavel-demin:user:port_slicer:1.0) from (Rev. 2) to (Rev. 3)






Copyright 1986-2019 Xilinx, Inc. All Rights Reserved.
------------------------------------------------------------------------------------
| Tool Version : Vivado v.2019.2 (lin64) Build 2708876 Wed Nov  6 21:39:14 MST 2019
| Date         : Sun Jun  7 02:35:39 2020
| Host         : evermist running 64-bit Ubuntu 18.04.4 LTS
| Command      : upgrade_ip
| Device       : xc7z010clg400-1
------------------------------------------------------------------------------------

Upgrade Log for IP 'system_slice_2_0'

1. Summary
----------

SUCCESS in the upgrade of system_slice_2_0 (pavel-demin:user:port_slicer:1.0) from (Rev. 2) to (Rev. 3)






Copyright 1986-2019 Xilinx, Inc. All Rights Reserved.
------------------------------------------------------------------------------------
| Tool Version : Vivado v.2019.2 (lin64) Build 2708876 Wed Nov  6 21:39:14 MST 2019
| Date         : Sun Jun  7 02:35:39 2020
| Host         : evermist running 64-bit Ubuntu 18.04.4 LTS
| Command      : upgrade_ip
| Device       : xc7z010clg400-1
------------------------------------------------------------------------------------

Upgrade Log for IP 'system_port_slicer_4_0'

1. Summary
----------

SUCCESS in the upgrade of system_port_slicer_4_0 (pavel-demin:user:port_slicer:1.0) from (Rev. 2) to (Rev. 3)






Copyright 1986-2019 Xilinx, Inc. All Rights Reserved.
------------------------------------------------------------------------------------
| Tool Version : Vivado v.2019.2 (lin64) Build 2708876 Wed Nov  6 21:39:14 MST 2019
| Date         : Sun Jun  7 02:35:39 2020
| Host         : evermist running 64-bit Ubuntu 18.04.4 LTS
| Command      : upgrade_ip
| Device       : xc7z010clg400-1
------------------------------------------------------------------------------------

Upgrade Log for IP 'system_port_slicer_3_0'

1. Summary
----------

SUCCESS in the upgrade of system_port_slicer_3_0 (pavel-demin:user:port_slicer:1.0) from (Rev. 2) to (Rev. 3)






Copyright 1986-2019 Xilinx, Inc. All Rights Reserved.
------------------------------------------------------------------------------------
| Tool Version : Vivado v.2019.2 (lin64) Build 2708876 Wed Nov  6 21:39:14 MST 2019
| Date         : Sun Jun  7 02:35:38 2020
| Host         : evermist running 64-bit Ubuntu 18.04.4 LTS
| Command      : upgrade_ip
| Device       : xc7z010clg400-1
------------------------------------------------------------------------------------

Upgrade Log for IP 'system_port_slicer_2_0'

1. Summary
----------

SUCCESS in the upgrade of system_port_slicer_2_0 (pavel-demin:user:port_slicer:1.0) from (Rev. 2) to (Rev. 3)






Copyright 1986-2019 Xilinx, Inc. All Rights Reserved.
------------------------------------------------------------------------------------
| Tool Version : Vivado v.2019.2 (lin64) Build 2708876 Wed Nov  6 21:39:14 MST 2019
| Date         : Sun Jun  7 02:35:38 2020
| Host         : evermist running 64-bit Ubuntu 18.04.4 LTS
| Command      : upgrade_ip
| Device       : xc7z010clg400-1
------------------------------------------------------------------------------------

Upgrade Log for IP 'system_port_slicer_1_0'

1. Summary
----------

SUCCESS in the upgrade of system_port_slicer_1_0 (pavel-demin:user:port_slicer:1.0) from (Rev. 2) to (Rev. 3)






Copyright 1986-2019 Xilinx, Inc. All Rights Reserved.
------------------------------------------------------------------------------------
| Tool Version : Vivado v.2019.2 (lin64) Build 2708876 Wed Nov  6 21:39:14 MST 2019
| Date         : Sun Jun  7 02:35:38 2020
| Host         : evermist running 64-bit Ubuntu 18.04.4 LTS
| Command      : upgrade_ip
| Device       : xc7z010clg400-1
------------------------------------------------------------------------------------

Upgrade Log for IP 'system_port_slicer_0_0'

1. Summary
----------

SUCCESS in the upgrade of system_port_slicer_0_0 (pavel-demin:user:port_slicer:1.0) from (Rev. 2) to (Rev. 3)






Copyright 1986-2019 Xilinx, Inc. All Rights Reserved.
------------------------------------------------------------------------------------
| Tool Version : Vivado v.2019.2 (lin64) Build 2708876 Wed Nov  6 21:39:14 MST 2019
| Date         : Sun Jun  7 02:34:13 2020
| Host         : evermist running 64-bit Ubuntu 18.04.4 LTS
| Command      : upgrade_ip
| Device       : xc7z010clg400-1
------------------------------------------------------------------------------------

Upgrade Log for IP 'system_writer_0_0'

1. Summary
----------

SUCCESS in the upgrade of system_writer_0_0 (pavel-demin:user:axis_ram_writer:1.0) from (Rev. 1) to (Rev. 2)






Copyright 1986-2019 Xilinx, Inc. All Rights Reserved.
------------------------------------------------------------------------------------
| Tool Version : Vivado v.2019.2 (lin64) Build 2708876 Wed Nov  6 21:39:14 MST 2019
| Date         : Sun Jun  7 02:34:12 2020
| Host         : evermist running 64-bit Ubuntu 18.04.4 LTS
| Command      : upgrade_ip
| Device       : xc7z010clg400-1
------------------------------------------------------------------------------------

Upgrade Log for IP 'system_trap_0_0'

1. Summary
----------

SUCCESS in the upgrade of system_trap_0_0 (user.org:user:trap:1.0) from (Rev. 88) to (Rev. 89)






Copyright 1986-2019 Xilinx, Inc. All Rights Reserved.
------------------------------------------------------------------------------------
| Tool Version : Vivado v.2019.2 (lin64) Build 2708876 Wed Nov  6 21:39:14 MST 2019
| Date         : Sun Jun  7 02:34:12 2020
| Host         : evermist running 64-bit Ubuntu 18.04.4 LTS
| Command      : upgrade_ip
| Device       : xc7z010clg400-1
------------------------------------------------------------------------------------

Upgrade Log for IP 'system_slice_4_0'

1. Summary
----------

SUCCESS in the upgrade of system_slice_4_0 (pavel-demin:user:port_slicer:1.0) from (Rev. 1) to (Rev. 2)






Copyright 1986-2019 Xilinx, Inc. All Rights Reserved.
------------------------------------------------------------------------------------
| Tool Version : Vivado v.2019.2 (lin64) Build 2708876 Wed Nov  6 21:39:14 MST 2019
| Date         : Sun Jun  7 02:34:12 2020
| Host         : evermist running 64-bit Ubuntu 18.04.4 LTS
| Command      : upgrade_ip
| Device       : xc7z010clg400-1
------------------------------------------------------------------------------------

Upgrade Log for IP 'system_slice_3_0'

1. Summary
----------

SUCCESS in the upgrade of system_slice_3_0 (pavel-demin:user:port_slicer:1.0) from (Rev. 1) to (Rev. 2)






Copyright 1986-2019 Xilinx, Inc. All Rights Reserved.
------------------------------------------------------------------------------------
| Tool Version : Vivado v.2019.2 (lin64) Build 2708876 Wed Nov  6 21:39:14 MST 2019
| Date         : Sun Jun  7 02:34:12 2020
| Host         : evermist running 64-bit Ubuntu 18.04.4 LTS
| Command      : upgrade_ip
| Device       : xc7z010clg400-1
------------------------------------------------------------------------------------

Upgrade Log for IP 'system_slice_2_0'

1. Summary
----------

SUCCESS in the upgrade of system_slice_2_0 (pavel-demin:user:port_slicer:1.0) from (Rev. 1) to (Rev. 2)






Copyright 1986-2019 Xilinx, Inc. All Rights Reserved.
------------------------------------------------------------------------------------
| Tool Version : Vivado v.2019.2 (lin64) Build 2708876 Wed Nov  6 21:39:14 MST 2019
| Date         : Sun Jun  7 02:34:12 2020
| Host         : evermist running 64-bit Ubuntu 18.04.4 LTS
| Command      : upgrade_ip
| Device       : xc7z010clg400-1
------------------------------------------------------------------------------------

Upgrade Log for IP 'system_sig_exp_decay_0_0'

1. Summary
----------

SUCCESS in the upgrade of system_sig_exp_decay_0_0 (user.org:user:sig_exp_decay:1.0) from (Rev. 13) to (Rev. 14)






Copyright 1986-2019 Xilinx, Inc. All Rights Reserved.
------------------------------------------------------------------------------------
| Tool Version : Vivado v.2019.2 (lin64) Build 2708876 Wed Nov  6 21:39:14 MST 2019
| Date         : Sun Jun  7 02:34:12 2020
| Host         : evermist running 64-bit Ubuntu 18.04.4 LTS
| Command      : upgrade_ip
| Device       : xc7z010clg400-1
------------------------------------------------------------------------------------

Upgrade Log for IP 'system_pulse_gen_0_0'

1. Summary
----------

SUCCESS in the upgrade of system_pulse_gen_0_0 (user.org:user:pulse_gen:1.0) from (Rev. 3) to (Rev. 4)






Copyright 1986-2019 Xilinx, Inc. All Rights Reserved.
------------------------------------------------------------------------------------
| Tool Version : Vivado v.2019.2 (lin64) Build 2708876 Wed Nov  6 21:39:14 MST 2019
| Date         : Sun Jun  7 02:34:11 2020
| Host         : evermist running 64-bit Ubuntu 18.04.4 LTS
| Command      : upgrade_ip
| Device       : xc7z010clg400-1
------------------------------------------------------------------------------------

Upgrade Log for IP 'system_port_slicer_4_0'

1. Summary
----------

SUCCESS in the upgrade of system_port_slicer_4_0 (pavel-demin:user:port_slicer:1.0) from (Rev. 1) to (Rev. 2)






Copyright 1986-2019 Xilinx, Inc. All Rights Reserved.
------------------------------------------------------------------------------------
| Tool Version : Vivado v.2019.2 (lin64) Build 2708876 Wed Nov  6 21:39:14 MST 2019
| Date         : Sun Jun  7 02:34:11 2020
| Host         : evermist running 64-bit Ubuntu 18.04.4 LTS
| Command      : upgrade_ip
| Device       : xc7z010clg400-1
------------------------------------------------------------------------------------

Upgrade Log for IP 'system_port_slicer_3_0'

1. Summary
----------

SUCCESS in the upgrade of system_port_slicer_3_0 (pavel-demin:user:port_slicer:1.0) from (Rev. 1) to (Rev. 2)






Copyright 1986-2019 Xilinx, Inc. All Rights Reserved.
------------------------------------------------------------------------------------
| Tool Version : Vivado v.2019.2 (lin64) Build 2708876 Wed Nov  6 21:39:14 MST 2019
| Date         : Sun Jun  7 02:34:11 2020
| Host         : evermist running 64-bit Ubuntu 18.04.4 LTS
| Command      : upgrade_ip
| Device       : xc7z010clg400-1
------------------------------------------------------------------------------------

Upgrade Log for IP 'system_port_slicer_2_0'

1. Summary
----------

SUCCESS in the upgrade of system_port_slicer_2_0 (pavel-demin:user:port_slicer:1.0) from (Rev. 1) to (Rev. 2)






Copyright 1986-2019 Xilinx, Inc. All Rights Reserved.
------------------------------------------------------------------------------------
| Tool Version : Vivado v.2019.2 (lin64) Build 2708876 Wed Nov  6 21:39:14 MST 2019
| Date         : Sun Jun  7 02:34:11 2020
| Host         : evermist running 64-bit Ubuntu 18.04.4 LTS
| Command      : upgrade_ip
| Device       : xc7z010clg400-1
------------------------------------------------------------------------------------

Upgrade Log for IP 'system_port_slicer_1_0'

1. Summary
----------

SUCCESS in the upgrade of system_port_slicer_1_0 (pavel-demin:user:port_slicer:1.0) from (Rev. 1) to (Rev. 2)






Copyright 1986-2019 Xilinx, Inc. All Rights Reserved.
------------------------------------------------------------------------------------
| Tool Version : Vivado v.2019.2 (lin64) Build 2708876 Wed Nov  6 21:39:14 MST 2019
| Date         : Sun Jun  7 02:34:11 2020
| Host         : evermist running 64-bit Ubuntu 18.04.4 LTS
| Command      : upgrade_ip
| Device       : xc7z010clg400-1
------------------------------------------------------------------------------------

Upgrade Log for IP 'system_port_slicer_0_0'

1. Summary
----------

SUCCESS in the upgrade of system_port_slicer_0_0 (pavel-demin:user:port_slicer:1.0) from (Rev. 1) to (Rev. 2)

