#-----------------------------------------------------------
# Vivado v2019.2 (64-bit)
# SW Build 2708876 on Wed Nov  6 21:39:14 MST 2019
# IP Build 2700528 on Thu Nov  7 00:09:20 MST 2019
# Start of session at: Sat May 30 00:22:27 2020
# Process ID: 5591
# Current directory: /home/ywang/Code/filters/project/adc_recorder
# Command line: vivado adc_recorder.xpr
# Log file: /home/ywang/Code/filters/project/adc_recorder/vivado.log
# Journal file: /home/ywang/Code/filters/project/adc_recorder/vivado.jou
#-----------------------------------------------------------
start_gui
open_project adc_recorder.xpr
INFO: [Project 1-313] Project file moved from '/home/ywang/Code/filters/scripts/adc_recorder' since last save.
Scanning sources...
Finished scanning sources
INFO: [IP_Flow 19-234] Refreshing IP repositories
INFO: [IP_Flow 19-1700] Loaded user IP repository '/home/ywang/Code/filters'.
WARNING: [IP_Flow 19-3656] If you move the project, the path for repository '/home/ywang/Code/filters' may become invalid. A better location for the repository would be in a path adjacent to the project. (Current project location is '/home/ywang/Code/filters/project/adc_recorder'.)
INFO: [IP_Flow 19-2313] Loaded Vivado IP repository '/tools/Xilinx/Vivado/2019.2/data/ip'.
open_project: Time (s): cpu = 00:00:13 ; elapsed = 00:00:07 . Memory (MB): peak = 6710.254 ; gain = 286.855 ; free physical = 2766 ; free virtual = 5991
update_compile_order -fileset sources_1
WARNING: [IP_Flow 19-3899] Cannot get the environment domain name variable for the component vendor name. Setting the vendor name to 'user.org'.
exit
INFO: [Common 17-206] Exiting Vivado at Sat May 30 00:25:00 2020...
