#
# An unexpected error has occurred (11)
#
Stack:
/tools/Xilinx/Vivado/2019.2/tps/lnx64/jre9.0.4/lib//server/libjvm.so(+0xb6aadb) [0x7ff23d3cbadb]
/tools/Xilinx/Vivado/2019.2/tps/lnx64/jre9.0.4/lib//server/libjvm.so(JVM_handle_linux_signal+0xbb) [0x7ff23d3d0e1b]
/tools/Xilinx/Vivado/2019.2/tps/lnx64/jre9.0.4/lib//server/libjvm.so(+0xb647b8) [0x7ff23d3c57b8]
/lib/x86_64-linux-gnu/libc.so.6(+0x3ef20) [0x7ff289562f20]
/tools/Xilinx/Vivado/2019.2/lib/lnx64.o/librdi_common.so(__gnu_cxx::__enable_if<std::__is_char<char>::__value, bool>::__type std::operator==<char>(std::__cxx11::basic_string<char, std::char_traits<char>, std::allocator<char> > const&, std::__cxx11::basic_string<char, std::char_traits<char>, std::allocator<char> > const&)+0x6) [0x7ff28a9c3206]
/tools/Xilinx/Vivado/2019.2/lib/lnx64.o/librdi_coregen.so(HACGPPortMap::setPhysicalName(std::__cxx11::basic_string<char, std::char_traits<char>, std::allocator<char> > const&, bool)+0x26) [0x7ff27532da06]
/tools/Xilinx/Vivado/2019.2/lib/lnx64.o/librdi_coregen.so(HACGPComponentHdlInstaller::addPorts(HACGPComponentDefinition&, HACGPHdlAttributeData&)+0x1e1b) [0x7ff274ed8aab]
/tools/Xilinx/Vivado/2019.2/lib/lnx64.o/librdi_coregen.so(HACGPComponentHdlInstaller::processTopLevelHdl(HACGPComponentDefinition&, HACGPHdlAttributeData&, HSTVector<std::__cxx11::basic_string<char, std::char_traits<char>, std::allocator<char> >, std::allocator<std::__cxx11::basic_string<char, std::char_traits<char>, std::allocator<char> > > > const&, std::__cxx11::basic_string<char, std::char_traits<char>, std::allocator<char> > const&, std::__cxx11::basic_string<char, std::char_traits<char>, std::allocator<char> > const&, HSTVector<std::__cxx11::basic_string<char, std::char_traits<char>, std::allocator<char> >, std::allocator<std::__cxx11::basic_string<char, std::char_traits<char>, std::allocator<char> > > > const&, HSTVector<std::__cxx11::basic_string<char, std::char_traits<char>, std::allocator<char> >, std::allocator<std::__cxx11::basic_string<char, std::char_traits<char>, std::allocator<char> > > > const&, HSTVector<std::__cxx11::basic_string<char, std::char_traits<char>, std::allocator<char> >, std::allocator<std::__cxx11::basic_string<char, std::char_traits<char>, std::allocator<char> > > > const&, HSTSet<std::__cxx11::basic_string<char, std::char_traits<char>, std::allocator<char> >, std::less<std::__cxx11::basic_string<char, std::char_traits<char>, std::allocator<char> > >, std::allocator<std::__cxx11::basic_string<char, std::char_traits<char>, std::allocator<char> > > > const*, bool const&, bool const&, bool const&, bool const&)+0xde) [0x7ff274edcd0e]
/tools/Xilinx/Vivado/2019.2/lib/lnx64.o/librdi_coregen.so(HACGPComponentHdlInstaller::packageTopLevelHdl(HACGPComponentDefinition&, HACGPHdlAttributeData&, HSTVector<std::__cxx11::basic_string<char, std::char_traits<char>, std::allocator<char> >, std::allocator<std::__cxx11::basic_string<char, std::char_traits<char>, std::allocator<char> > > > const&, std::__cxx11::basic_string<char, std::char_traits<char>, std::allocator<char> > const&, HSTVector<std::__cxx11::basic_string<char, std::char_traits<char>, std::allocator<char> >, std::allocator<std::__cxx11::basic_string<char, std::char_traits<char>, std::allocator<char> > > > const&, HSTSet<std::__cxx11::basic_string<char, std::char_traits<char>, std::allocator<char> >, std::less<std::__cxx11::basic_string<char, std::char_traits<char>, std::allocator<char> > >, std::allocator<std::__cxx11::basic_string<char, std::char_traits<char>, std::allocator<char> > > > const*, bool const&)+0xe0) [0x7ff274edcf70]
/tools/Xilinx/Vivado/2019.2/lib/lnx64.o/librdi_coregen.so(HACGPackager::packageTopLevelFile(HACGPComponentDefinition*, bool const&) const+0x625) [0x7ff274f52a25]
/tools/Xilinx/Vivado/2019.2/lib/lnx64.o/librdi_coregen.so(HACGPackager::mergeProjectTopFile(HACGPackageProjectData const&, HACGPComponentDefinition*)+0x60b) [0x7ff274f5cd3b]
/tools/Xilinx/Vivado/2019.2/lib/lnx64.o/librdi_ipservicestasks.so(+0xb72bae) [0x7ff2137cbbae]
/tools/Xilinx/Vivado/2019.2/lib/lnx64.o/librdi_common.so(+0x86eca2) [0x7ff28a935ca2]
/tools/Xilinx/Vivado/2019.2/lib/lnx64.o/libtcl8.5.so(+0x334af) [0x7ff2849de4af]
/tools/Xilinx/Vivado/2019.2/lib/lnx64.o/libtcl8.5.so(Tcl_EvalObjv+0x32) [0x7ff2849de5e2]
/tools/Xilinx/Vivado/2019.2/lib/lnx64.o/libtcl8.5.so(TclEvalObjEx+0x322) [0x7ff2849e0402]
/tools/Xilinx/Vivado/2019.2/lib/lnx64.o/librdi_common.so(+0x86d1b1) [0x7ff28a9341b1]
/tools/Xilinx/Vivado/2019.2/lib/lnx64.o/libtcl8.5.so(Tcl_ServiceEvent+0x7f) [0x7ff284a52b0f]
/tools/Xilinx/Vivado/2019.2/lib/lnx64.o/libtcl8.5.so(Tcl_DoOneEvent+0x154) [0x7ff284a52e44]
/tools/Xilinx/Vivado/2019.2/lib/lnx64.o/librdi_commontasks.so(+0x2da555) [0x7ff27e32e555]
/tools/Xilinx/Vivado/2019.2/lib/lnx64.o/librdi_commontasks.so(+0x2df101) [0x7ff27e333101]
/tools/Xilinx/Vivado/2019.2/lib/lnx64.o/librdi_commontasks.so(+0x2e011e) [0x7ff27e33411e]
/tools/Xilinx/Vivado/2019.2/lib/lnx64.o/librdi_common.so(+0x86eca2) [0x7ff28a935ca2]
/tools/Xilinx/Vivado/2019.2/lib/lnx64.o/libtcl8.5.so(+0x334af) [0x7ff2849de4af]
/tools/Xilinx/Vivado/2019.2/lib/lnx64.o/libtcl8.5.so(Tcl_EvalObjv+0x32) [0x7ff2849de5e2]
/tools/Xilinx/Vivado/2019.2/lib/lnx64.o/libtcl8.5.so(TclEvalObjEx+0x322) [0x7ff2849e0402]
/tools/Xilinx/Vivado/2019.2/lib/lnx64.o/librdi_commonmain.so(+0x7af3) [0x7ff289ec0af3]
/tools/Xilinx/Vivado/2019.2/lib/lnx64.o/libtcl8.5.so(Tcl_Main+0x1d0) [0x7ff284a4b210]
/tools/Xilinx/Vivado/2019.2/lib/lnx64.o/librdi_common.so(+0x8b30cb) [0x7ff28a97a0cb]
/lib/x86_64-linux-gnu/libpthread.so.0(+0x76db) [0x7ff28930c6db]
/lib/x86_64-linux-gnu/libc.so.6(clone+0x3f) [0x7ff28964588f]
