#
# An unexpected error has occurred (11)
#
Stack:
/tools/Xilinx/Vivado/2019.2/tps/lnx64/jre9.0.4/lib//server/libjvm.so(+0xb6aadb) [0x7fc5925ecadb]
/tools/Xilinx/Vivado/2019.2/tps/lnx64/jre9.0.4/lib//server/libjvm.so(JVM_handle_linux_signal+0xbb) [0x7fc5925f1e1b]
/tools/Xilinx/Vivado/2019.2/tps/lnx64/jre9.0.4/lib//server/libjvm.so(+0xb647b8) [0x7fc5925e67b8]
/lib/x86_64-linux-gnu/libc.so.6(+0x3ef20) [0x7fc5de783f20]
/tools/Xilinx/Vivado/2019.2/lib/lnx64.o/librdi_common.so(__gnu_cxx::__enable_if<std::__is_char<char>::__value, bool>::__type std::operator==<char>(std::__cxx11::basic_string<char, std::char_traits<char>, std::allocator<char> > const&, std::__cxx11::basic_string<char, std::char_traits<char>, std::allocator<char> > const&)+0x6) [0x7fc5dfbe4206]
/tools/Xilinx/Vivado/2019.2/lib/lnx64.o/librdi_coregen.so(HACGPPortMap::setPhysicalName(std::__cxx11::basic_string<char, std::char_traits<char>, std::allocator<char> > const&, bool)+0x26) [0x7fc5ca54ea06]
/tools/Xilinx/Vivado/2019.2/lib/lnx64.o/librdi_coregen.so(HACGPComponentHdlInstaller::addPorts(HACGPComponentDefinition&, HACGPHdlAttributeData&)+0x1e1b) [0x7fc5ca0f9aab]
/tools/Xilinx/Vivado/2019.2/lib/lnx64.o/librdi_coregen.so(HACGPComponentHdlInstaller::processTopLevelHdl(HACGPComponentDefinition&, HACGPHdlAttributeData&, HSTVector<std::__cxx11::basic_string<char, std::char_traits<char>, std::allocator<char> >, std::allocator<std::__cxx11::basic_string<char, std::char_traits<char>, std::allocator<char> > > > const&, std::__cxx11::basic_string<char, std::char_traits<char>, std::allocator<char> > const&, std::__cxx11::basic_string<char, std::char_traits<char>, std::allocator<char> > const&, HSTVector<std::__cxx11::basic_string<char, std::char_traits<char>, std::allocator<char> >, std::allocator<std::__cxx11::basic_string<char, std::char_traits<char>, std::allocator<char> > > > const&, HSTVector<std::__cxx11::basic_string<char, std::char_traits<char>, std::allocator<char> >, std::allocator<std::__cxx11::basic_string<char, std::char_traits<char>, std::allocator<char> > > > const&, HSTVector<std::__cxx11::basic_string<char, std::char_traits<char>, std::allocator<char> >, std::allocator<std::__cxx11::basic_string<char, std::char_traits<char>, std::allocator<char> > > > const&, HSTSet<std::__cxx11::basic_string<char, std::char_traits<char>, std::allocator<char> >, std::less<std::__cxx11::basic_string<char, std::char_traits<char>, std::allocator<char> > >, std::allocator<std::__cxx11::basic_string<char, std::char_traits<char>, std::allocator<char> > > > const*, bool const&, bool const&, bool const&, bool const&)+0xde) [0x7fc5ca0fdd0e]
/tools/Xilinx/Vivado/2019.2/lib/lnx64.o/librdi_coregen.so(HACGPComponentHdlInstaller::packageTopLevelHdl(HACGPComponentDefinition&, HACGPHdlAttributeData&, HSTVector<std::__cxx11::basic_string<char, std::char_traits<char>, std::allocator<char> >, std::allocator<std::__cxx11::basic_string<char, std::char_traits<char>, std::allocator<char> > > > const&, std::__cxx11::basic_string<char, std::char_traits<char>, std::allocator<char> > const&, HSTVector<std::__cxx11::basic_string<char, std::char_traits<char>, std::allocator<char> >, std::allocator<std::__cxx11::basic_string<char, std::char_traits<char>, std::allocator<char> > > > const&, HSTSet<std::__cxx11::basic_string<char, std::char_traits<char>, std::allocator<char> >, std::less<std::__cxx11::basic_string<char, std::char_traits<char>, std::allocator<char> > >, std::allocator<std::__cxx11::basic_string<char, std::char_traits<char>, std::allocator<char> > > > const*, bool const&)+0xe0) [0x7fc5ca0fdf70]
/tools/Xilinx/Vivado/2019.2/lib/lnx64.o/librdi_coregen.so(HACGPackager::packageTopLevelFile(HACGPComponentDefinition*, bool const&) const+0x625) [0x7fc5ca173a25]
/tools/Xilinx/Vivado/2019.2/lib/lnx64.o/librdi_coregen.so(HACGPackager::mergeProjectTopFile(HACGPackageProjectData const&, HACGPComponentDefinition*)+0x60b) [0x7fc5ca17dd3b]
/tools/Xilinx/Vivado/2019.2/lib/lnx64.o/librdi_ipservicestasks.so(+0xb72bae) [0x7fc5689ecbae]
/tools/Xilinx/Vivado/2019.2/lib/lnx64.o/librdi_common.so(+0x86eca2) [0x7fc5dfb56ca2]
/tools/Xilinx/Vivado/2019.2/lib/lnx64.o/libtcl8.5.so(+0x334af) [0x7fc5d9bff4af]
/tools/Xilinx/Vivado/2019.2/lib/lnx64.o/libtcl8.5.so(Tcl_EvalObjv+0x32) [0x7fc5d9bff5e2]
/tools/Xilinx/Vivado/2019.2/lib/lnx64.o/libtcl8.5.so(TclEvalObjEx+0x322) [0x7fc5d9c01402]
/tools/Xilinx/Vivado/2019.2/lib/lnx64.o/librdi_common.so(+0x86d1b1) [0x7fc5dfb551b1]
/tools/Xilinx/Vivado/2019.2/lib/lnx64.o/libtcl8.5.so(Tcl_ServiceEvent+0x7f) [0x7fc5d9c73b0f]
/tools/Xilinx/Vivado/2019.2/lib/lnx64.o/libtcl8.5.so(Tcl_DoOneEvent+0x154) [0x7fc5d9c73e44]
/tools/Xilinx/Vivado/2019.2/lib/lnx64.o/librdi_commontasks.so(+0x2da555) [0x7fc5d354f555]
/tools/Xilinx/Vivado/2019.2/lib/lnx64.o/librdi_commontasks.so(+0x2df101) [0x7fc5d3554101]
/tools/Xilinx/Vivado/2019.2/lib/lnx64.o/librdi_commontasks.so(+0x2e011e) [0x7fc5d355511e]
/tools/Xilinx/Vivado/2019.2/lib/lnx64.o/librdi_common.so(+0x86eca2) [0x7fc5dfb56ca2]
/tools/Xilinx/Vivado/2019.2/lib/lnx64.o/libtcl8.5.so(+0x334af) [0x7fc5d9bff4af]
/tools/Xilinx/Vivado/2019.2/lib/lnx64.o/libtcl8.5.so(Tcl_EvalObjv+0x32) [0x7fc5d9bff5e2]
/tools/Xilinx/Vivado/2019.2/lib/lnx64.o/libtcl8.5.so(TclEvalObjEx+0x322) [0x7fc5d9c01402]
/tools/Xilinx/Vivado/2019.2/lib/lnx64.o/librdi_commonmain.so(+0x7af3) [0x7fc5df0e1af3]
/tools/Xilinx/Vivado/2019.2/lib/lnx64.o/libtcl8.5.so(Tcl_Main+0x1d0) [0x7fc5d9c6c210]
/tools/Xilinx/Vivado/2019.2/lib/lnx64.o/librdi_common.so(+0x8b30cb) [0x7fc5dfb9b0cb]
/lib/x86_64-linux-gnu/libpthread.so.0(+0x76db) [0x7fc5de52d6db]
/lib/x86_64-linux-gnu/libc.so.6(clone+0x3f) [0x7fc5de86688f]
